[03-Dec-2018 01:53:12] NOTICE: fpm is running, pid 16
[03-Dec-2018 01:53:12] NOTICE: ready to handle connections
[03-Dec-2018 02:12:09] NOTICE: Terminating ...
[03-Dec-2018 02:12:09] NOTICE: exiting, bye-bye!
[03-Dec-2018 02:46:19] NOTICE: fpm is running, pid 54
[03-Dec-2018 02:46:19] NOTICE: ready to handle connections
[03-Dec-2018 03:52:00] NOTICE: Terminating ...
[03-Dec-2018 03:52:00] NOTICE: exiting, bye-bye!
[03-Dec-2018 04:44:58] NOTICE: fpm is running, pid 54
[03-Dec-2018 04:44:58] NOTICE: ready to handle connections
[03-Dec-2018 04:57:29] NOTICE: Terminating ...
[03-Dec-2018 04:57:29] NOTICE: exiting, bye-bye!
[03-Dec-2018 16:34:01] NOTICE: fpm is running, pid 54
[03-Dec-2018 16:34:01] NOTICE: ready to handle connections
[03-Dec-2018 17:00:55] NOTICE: fpm is running, pid 57
[03-Dec-2018 17:00:55] NOTICE: ready to handle connections
[03-Dec-2018 18:24:54] NOTICE: Terminating ...
[03-Dec-2018 18:24:54] NOTICE: exiting, bye-bye!
[03-Dec-2018 20:52:48] NOTICE: fpm is running, pid 56
[03-Dec-2018 20:52:48] NOTICE: ready to handle connections
[03-Dec-2018 22:02:39] NOTICE: Terminating ...
[03-Dec-2018 22:02:39] NOTICE: exiting, bye-bye!
[04-Dec-2018 17:28:22] NOTICE: fpm is running, pid 54
[04-Dec-2018 17:28:22] NOTICE: ready to handle connections
[04-Dec-2018 18:05:15] NOTICE: Terminating ...
[04-Dec-2018 18:05:15] NOTICE: exiting, bye-bye!
[04-Dec-2018 19:06:22] NOTICE: fpm is running, pid 55
[04-Dec-2018 19:06:22] NOTICE: ready to handle connections
[04-Dec-2018 19:08:22] NOTICE: Terminating ...
[04-Dec-2018 19:08:22] NOTICE: exiting, bye-bye!
[05-Dec-2018 01:46:36] NOTICE: fpm is running, pid 56
[05-Dec-2018 01:46:36] NOTICE: ready to handle connections
[05-Dec-2018 02:07:36] NOTICE: Terminating ...
[05-Dec-2018 02:07:36] NOTICE: exiting, bye-bye!
[05-Dec-2018 16:10:30] NOTICE: fpm is running, pid 55
[05-Dec-2018 16:10:30] NOTICE: ready to handle connections
[05-Dec-2018 17:00:30] NOTICE: Terminating ...
[05-Dec-2018 17:00:30] NOTICE: exiting, bye-bye!
[06-Dec-2018 02:33:33] NOTICE: fpm is running, pid 54
[06-Dec-2018 02:33:33] NOTICE: ready to handle connections
[06-Dec-2018 03:31:08] NOTICE: Terminating ...
[06-Dec-2018 03:31:08] NOTICE: exiting, bye-bye!
[06-Dec-2018 16:05:26] NOTICE: fpm is running, pid 54
[06-Dec-2018 16:05:26] NOTICE: ready to handle connections
[06-Dec-2018 22:42:35] NOTICE: Terminating ...
[06-Dec-2018 22:42:35] NOTICE: exiting, bye-bye!
[07-Dec-2018 00:04:36] NOTICE: fpm is running, pid 54
[07-Dec-2018 00:04:36] NOTICE: ready to handle connections
[07-Dec-2018 04:20:09] NOTICE: Terminating ...
[07-Dec-2018 04:20:09] NOTICE: exiting, bye-bye!
[07-Dec-2018 15:59:21] NOTICE: fpm is running, pid 56
[07-Dec-2018 15:59:21] NOTICE: ready to handle connections
[07-Dec-2018 18:57:46] NOTICE: Terminating ...
[07-Dec-2018 18:57:46] NOTICE: exiting, bye-bye!
[07-Dec-2018 21:09:43] NOTICE: fpm is running, pid 54
[07-Dec-2018 21:09:43] NOTICE: ready to handle connections
[07-Dec-2018 22:18:59] NOTICE: Terminating ...
[07-Dec-2018 22:18:59] NOTICE: exiting, bye-bye!
[08-Dec-2018 14:38:14] NOTICE: fpm is running, pid 56
[08-Dec-2018 14:38:14] NOTICE: ready to handle connections
[08-Dec-2018 15:02:42] NOTICE: Terminating ...
[08-Dec-2018 15:02:42] NOTICE: exiting, bye-bye!
[08-Dec-2018 15:02:49] NOTICE: fpm is running, pid 56
[08-Dec-2018 15:02:49] NOTICE: ready to handle connections
[08-Dec-2018 15:15:18] NOTICE: Terminating ...
[08-Dec-2018 15:15:18] NOTICE: exiting, bye-bye!
[09-Dec-2018 16:36:51] NOTICE: fpm is running, pid 56
[09-Dec-2018 16:36:51] NOTICE: ready to handle connections
[09-Dec-2018 17:26:34] NOTICE: Terminating ...
[09-Dec-2018 17:26:34] NOTICE: exiting, bye-bye!
[09-Dec-2018 22:50:04] NOTICE: fpm is running, pid 57
[09-Dec-2018 22:50:04] NOTICE: ready to handle connections
[09-Dec-2018 23:29:17] NOTICE: Terminating ...
[09-Dec-2018 23:29:17] NOTICE: exiting, bye-bye!
[10-Dec-2018 01:45:17] NOTICE: fpm is running, pid 54
[10-Dec-2018 01:45:17] NOTICE: ready to handle connections
[10-Dec-2018 02:18:05] NOTICE: Terminating ...
[10-Dec-2018 02:18:05] NOTICE: exiting, bye-bye!
[10-Dec-2018 17:24:55] NOTICE: fpm is running, pid 56
[10-Dec-2018 17:24:55] NOTICE: ready to handle connections
[10-Dec-2018 18:12:32] NOTICE: Terminating ...
[10-Dec-2018 18:12:32] NOTICE: exiting, bye-bye!
[10-Dec-2018 21:00:47] NOTICE: fpm is running, pid 47
[10-Dec-2018 21:00:47] NOTICE: ready to handle connections
[10-Dec-2018 21:23:35] NOTICE: Terminating ...
[10-Dec-2018 21:23:35] NOTICE: exiting, bye-bye!
[11-Dec-2018 18:10:22] NOTICE: fpm is running, pid 56
[11-Dec-2018 18:10:22] NOTICE: ready to handle connections
[11-Dec-2018 19:03:44] NOTICE: Terminating ...
[11-Dec-2018 19:03:44] NOTICE: exiting, bye-bye!
[16-Dec-2018 23:52:22] NOTICE: fpm is running, pid 39
[16-Dec-2018 23:52:22] NOTICE: ready to handle connections
[17-Dec-2018 03:29:14] NOTICE: Terminating ...
[17-Dec-2018 03:29:14] NOTICE: exiting, bye-bye!
[17-Dec-2018 17:22:32] NOTICE: fpm is running, pid 24
[17-Dec-2018 17:22:32] NOTICE: ready to handle connections
[17-Dec-2018 17:23:36] NOTICE: Terminating ...
[17-Dec-2018 17:23:36] NOTICE: exiting, bye-bye!
[17-Dec-2018 18:15:54] NOTICE: fpm is running, pid 24
[17-Dec-2018 18:15:54] NOTICE: ready to handle connections
[17-Dec-2018 19:10:05] NOTICE: Terminating ...
[17-Dec-2018 19:10:06] NOTICE: exiting, bye-bye!
[20-Dec-2018 15:18:26] NOTICE: fpm is running, pid 56
[20-Dec-2018 15:18:26] NOTICE: ready to handle connections
[20-Dec-2018 21:55:53] NOTICE: Terminating ...
[20-Dec-2018 21:55:53] NOTICE: exiting, bye-bye!
[21-Dec-2018 17:53:22] NOTICE: fpm is running, pid 39
[21-Dec-2018 17:53:22] NOTICE: ready to handle connections
[21-Dec-2018 21:40:33] NOTICE: Terminating ...
[21-Dec-2018 21:40:33] NOTICE: exiting, bye-bye!
[24-Dec-2018 16:33:25] NOTICE: fpm is running, pid 57
[24-Dec-2018 16:33:25] NOTICE: ready to handle connections
[25-Dec-2018 05:17:37] NOTICE: Terminating ...
[25-Dec-2018 05:17:37] NOTICE: exiting, bye-bye!
[25-Dec-2018 14:43:41] NOTICE: fpm is running, pid 39
[25-Dec-2018 14:43:41] NOTICE: ready to handle connections
[25-Dec-2018 15:40:01] NOTICE: Terminating ...
[25-Dec-2018 15:40:01] NOTICE: exiting, bye-bye!
[26-Dec-2018 16:25:29] NOTICE: fpm is running, pid 56
[26-Dec-2018 16:25:29] NOTICE: ready to handle connections
[26-Dec-2018 23:20:10] NOTICE: Terminating ...
[26-Dec-2018 23:20:10] NOTICE: exiting, bye-bye!
[27-Dec-2018 15:48:43] NOTICE: fpm is running, pid 56
[27-Dec-2018 15:48:43] NOTICE: ready to handle connections
[27-Dec-2018 18:15:37] NOTICE: Terminating ...
[27-Dec-2018 18:15:37] NOTICE: exiting, bye-bye!
[27-Dec-2018 23:13:42] NOTICE: fpm is running, pid 54
[27-Dec-2018 23:13:42] NOTICE: ready to handle connections
[28-Dec-2018 00:05:08] NOTICE: Terminating ...
[28-Dec-2018 00:05:08] NOTICE: exiting, bye-bye!
[31-Dec-2018 15:25:04] NOTICE: fpm is running, pid 40
[31-Dec-2018 15:25:04] NOTICE: ready to handle connections
[01-Jan-2019 23:21:37] NOTICE: fpm is running, pid 24
[01-Jan-2019 23:21:37] NOTICE: ready to handle connections
[02-Jan-2019 01:29:59] NOTICE: Terminating ...
[02-Jan-2019 01:29:59] NOTICE: exiting, bye-bye!
[02-Jan-2019 02:42:10] NOTICE: fpm is running, pid 54
[02-Jan-2019 02:42:10] NOTICE: ready to handle connections
[02-Jan-2019 02:48:36] NOTICE: Terminating ...
[02-Jan-2019 02:48:36] NOTICE: exiting, bye-bye!
[02-Jan-2019 17:40:59] NOTICE: fpm is running, pid 55
[02-Jan-2019 17:40:59] NOTICE: ready to handle connections
[02-Jan-2019 17:45:54] NOTICE: Terminating ...
[02-Jan-2019 17:45:54] NOTICE: exiting, bye-bye!
[03-Jan-2019 14:30:42] NOTICE: fpm is running, pid 54
[03-Jan-2019 14:30:42] NOTICE: ready to handle connections
[04-Jan-2019 00:07:50] NOTICE: fpm is running, pid 55
[04-Jan-2019 00:07:50] NOTICE: ready to handle connections
[04-Jan-2019 00:29:44] WARNING: [pool www] child 75 exited on signal 15 (SIGTERM) after 1313.530241 seconds from start
[04-Jan-2019 00:29:44] NOTICE: [pool www] child 11738 started
[04-Jan-2019 00:29:45] NOTICE: Terminating ...
[04-Jan-2019 00:29:45] NOTICE: exiting, bye-bye!
[04-Jan-2019 00:30:36] NOTICE: fpm is running, pid 56
[04-Jan-2019 00:30:36] NOTICE: ready to handle connections
[04-Jan-2019 02:15:45] NOTICE: Terminating ...
[04-Jan-2019 02:15:45] NOTICE: exiting, bye-bye!
[04-Jan-2019 17:24:05] NOTICE: fpm is running, pid 56
[04-Jan-2019 17:24:05] NOTICE: ready to handle connections
[04-Jan-2019 17:40:00] NOTICE: Terminating ...
[04-Jan-2019 17:40:00] NOTICE: exiting, bye-bye!
[04-Jan-2019 21:07:17] NOTICE: fpm is running, pid 54
[04-Jan-2019 21:07:17] NOTICE: ready to handle connections
[05-Jan-2019 01:26:48] NOTICE: Terminating ...
[05-Jan-2019 01:26:48] NOTICE: exiting, bye-bye!
[05-Jan-2019 15:33:13] NOTICE: fpm is running, pid 57
[05-Jan-2019 15:33:13] NOTICE: ready to handle connections
[05-Jan-2019 19:06:11] NOTICE: Terminating ...
[05-Jan-2019 19:06:11] NOTICE: exiting, bye-bye!
[05-Jan-2019 19:43:07] NOTICE: fpm is running, pid 62
[05-Jan-2019 19:43:07] NOTICE: ready to handle connections
[06-Jan-2019 16:56:56] NOTICE: fpm is running, pid 57
[06-Jan-2019 16:56:56] NOTICE: ready to handle connections
[06-Jan-2019 22:46:52] NOTICE: fpm is running, pid 56
[06-Jan-2019 22:46:52] NOTICE: ready to handle connections
[07-Jan-2019 01:35:49] NOTICE: Terminating ...
[07-Jan-2019 01:35:49] NOTICE: exiting, bye-bye!
[07-Jan-2019 15:15:03] NOTICE: fpm is running, pid 56
[07-Jan-2019 15:15:03] NOTICE: ready to handle connections
[08-Jan-2019 03:15:30] NOTICE: Terminating ...
[08-Jan-2019 03:15:30] NOTICE: exiting, bye-bye!
[08-Jan-2019 15:38:44] NOTICE: fpm is running, pid 56
[08-Jan-2019 15:38:44] NOTICE: ready to handle connections
[08-Jan-2019 21:25:18] NOTICE: Terminating ...
[08-Jan-2019 21:25:18] NOTICE: exiting, bye-bye!
[09-Jan-2019 01:23:39] NOTICE: fpm is running, pid 55
[09-Jan-2019 01:23:39] NOTICE: ready to handle connections
[09-Jan-2019 17:39:46] NOTICE: fpm is running, pid 56
[09-Jan-2019 17:39:46] NOTICE: ready to handle connections
[09-Jan-2019 23:11:10] NOTICE: Terminating ...
[09-Jan-2019 23:11:10] NOTICE: exiting, bye-bye!
[17-Jan-2019 15:28:04] NOTICE: fpm is running, pid 56
[17-Jan-2019 15:28:04] NOTICE: ready to handle connections
[17-Jan-2019 15:34:33] NOTICE: Terminating ...
[17-Jan-2019 15:34:33] NOTICE: exiting, bye-bye!
